<?xml version="1.0" encoding="UTF-8"?>
<!-- Generated by org.testng.reporters.JUnitReportReporter -->
<testsuite hostname="MSI" failures="0" tests="3" name="testinggg.NewTest" time="0.017" errors="0" timestamp="2024-02-26T14:31:48 IST" skipped="0">
  <testcase classname="testinggg.NewTest" name="testcase1" time="0.008"/>
  <system-out/>
  <testcase classname="testinggg.NewTest" name="testcase3" time="0.007"/>
  <system-out/>
  <testcase classname="testinggg.NewTest" name="testcase2" time="0.002"/>
  <system-out/>
</testsuite> <!-- testinggg.NewTest -->
