<?xml version="1.0" encoding="UTF-8"?>
<!-- Generated by org.testng.reporters.JUnitReportReporter -->
<testsuite hostname="MSI" failures="0" tests="1" name="AxisMavvenn1.Axis.InvokeChromeBrowser" time="13.846" errors="0" timestamp="2024-02-27T08:34:52 IST" skipped="0">
  <testcase classname="AxisMavvenn1.Axis.InvokeChromeBrowser" name="InvokeChrome" time="13.846"/>
  <system-out/>
</testsuite> <!-- AxisMavvenn1.Axis.InvokeChromeBrowser -->
