<?xml version="1.0" encoding="UTF-8"?>
<!-- Generated by org.testng.reporters.JUnitReportReporter -->
<testsuite hostname="MSI" failures="0" tests="3" name="AxisMavvenn1.Axis.Priority" time="0.018" errors="0" timestamp="2024-02-27T11:34:10 IST" skipped="0">
  <testcase classname="AxisMavvenn1.Axis.Priority" name="testcasel" time="0.011"/>
  <system-out/>
  <testcase classname="AxisMavvenn1.Axis.Priority" name="testcase3" time="0.006"/>
  <system-out/>
  <testcase classname="AxisMavvenn1.Axis.Priority" name="testcase2" time="0.001"/>
  <system-out/>
</testsuite> <!-- AxisMavvenn1.Axis.Priority -->
