<?xml version="1.0" encoding="UTF-8"?>
<!-- Generated by org.testng.reporters.JUnitReportReporter -->
<testsuite hostname="MSI" failures="0" tests="4" name="AxisMavvenn1.Axis.AnnotationsEg" time="0.015" errors="0" timestamp="2024-02-27T10:56:09 IST" skipped="0">
  <testcase classname="AxisMavvenn1.Axis.AnnotationsEg" name="testcase1" time="0.009"/>
  <system-out/>
  <testcase classname="AxisMavvenn1.Axis.AnnotationsEg" name="testcase4" time="0.001"/>
  <system-out/>
  <testcase classname="AxisMavvenn1.Axis.AnnotationsEg" name="testcase2" time="0.002"/>
  <system-out/>
  <testcase classname="AxisMavvenn1.Axis.AnnotationsEg" name="testcase3" time="0.003"/>
  <system-out/>
</testsuite> <!-- AxisMavvenn1.Axis.AnnotationsEg -->
