<?xml version="1.0" encoding="UTF-8"?>
<!-- Generated by org.testng.reporters.JUnitReportReporter -->
<testsuite hostname="MSI" failures="0" tests="3" name="AxisMavvenn1.Axis.Grouping" time="0.009" errors="0" timestamp="2024-02-26T16:50:42 IST" skipped="0">
  <testcase classname="AxisMavvenn1.Axis.Grouping" name="Addtocart" time="0.007"/>
  <system-out/>
  <testcase classname="AxisMavvenn1.Axis.Grouping" name="login" time="0.001"/>
  <system-out/>
  <testcase classname="AxisMavvenn1.Axis.Grouping" name="Products" time="0.001"/>
  <system-out/>
</testsuite> <!-- AxisMavvenn1.Axis.Grouping -->
